Apr 22, 2024 1:52:37 PM klab.app.Node main
INFO: Entering in Node through socket: 10.63.26.127:57904
Apr 22, 2024 1:52:39 PM klab.app.Node main
INFO: Entered search value of b
Apr 22, 2024 1:52:39 PM klab.app.Node main
INFO: Sending search value of b to Node connection with /127.0.0.1:13579
Apr 22, 2024 1:52:39 PM klab.app.SenderRunner run
INFO: Sending: Search: ID=9EAE0627EFDA77734BC18CF83771C6 TTL=50 Routing=BREADTHFIRST Search=b
Apr 22, 2024 1:52:40 PM klab.app.Node main
INFO: Entered search value of a
Apr 22, 2024 1:52:40 PM klab.app.Node main
INFO: Sending search value of a to Node connection with /127.0.0.1:13579
Apr 22, 2024 1:52:40 PM klab.app.SenderRunner run
INFO: Sending: Search: ID=22A926FCC3B00E8D4F50F565FC4FC9 TTL=50 Routing=BREADTHFIRST Search=a
Apr 22, 2024 1:52:40 PM klab.app.ReceiveRunner run
INFO: Received: Response: ID=22A926FCC3B00E8D4F50F565FC4FC9 TTL=3 Routing=BREADTHFIRST Host=2.2.2.2:222 [Result: FileID=04040404 FileSize=50 bytes FileName=aaa]
Apr 22, 2024 1:52:40 PM klab.app.ReceiveRunner run
INFO: Received: Response: ID=9EAE0627EFDA77734BC18CF83771C6 TTL=39 Routing=BREADTHFIRST Host=1.1.1.1:111 [Result: FileID=05050505 FileSize=500 bytes FileName=bbbb, Result: FileID=06060606 FileSize=5000 bytes FileName=bbbb7]
Apr 22, 2024 1:52:40 PM klab.app.ReceiveRunner run
INFO: Received: Search: ID=030405060708090001020304050607 TTL=3 Routing=BREADTHFIRST Search=og
Apr 22, 2024 1:52:40 PM klab.app.SenderRunner run
INFO: Sending: Response: ID=030405060708090001020304050607 TTL=3 Routing=BREADTHFIRST Host=10.63.26.127:7777 [Result: FileID=DFB006FF FileSize=1024268 bytes FileName=doggy, Result: FileID=8C3BB5E9 FileSize=1 bytes FileName=hog, Result: FileID=9BD18069 FileSize=0 bytes FileName=ogle]
Apr 22, 2024 1:52:40 PM klab.app.SenderRunner run
INFO: Sending: Response: ID=030405060708090001020304050608 TTL=3 Routing=BREADTHFIRST Host=10.63.26.127:7777 []
Apr 22, 2024 1:52:40 PM klab.app.ReceiveRunner run
INFO: Closing node: java.io.IOException
java.io.IOException: java.io.IOException
	at klab.serialization.Message.decode(Message.java:254)
	at klab.app.ReceiveRunner.getMessage(ReceiveRunner.java:173)
	at klab.app.ReceiveRunner.run(ReceiveRunner.java:190)
	at java.base/java.util.concurrent.Executors$RunnableAdapter.call(Executors.java:572)
	at java.base/java.util.concurrent.FutureTask.run(FutureTask.java:317)
	at java.base/java.util.concurrent.ThreadPoolExecutor.runWorker(ThreadPoolExecutor.java:1144)
	at java.base/java.util.concurrent.ThreadPoolExecutor$Worker.run(ThreadPoolExecutor.java:642)
	at java.base/java.lang.Thread.run(Thread.java:1583)
Caused by: java.io.IOException
	at klab.serialization.MessageInput.readOnce(MessageInput.java:81)
	at klab.serialization.Message.decode(Message.java:187)
	... 7 more

